ERROR - 2026-07-20 07:10:56 --> UNIQUE constraint failed: configurations.prefixe
in SYSTEMPATH/Database/SQLite3/Connection.php on line 163.
 1 SYSTEMPATH/Database/SQLite3/Connection.php(163): SQLite3->exec()
 2 SYSTEMPATH/Database/BaseConnection.php(910): CodeIgniter\Database\SQLite3\Connection->execute()
 3 SYSTEMPATH/Database/BaseConnection.php(827): CodeIgniter\Database\BaseConnection->simpleQuery()
 4 SYSTEMPATH/Database/BaseBuilder.php(1841): CodeIgniter\Database\BaseConnection->query()
 5 SYSTEMPATH/Database/BaseBuilder.php(2230): CodeIgniter\Database\BaseBuilder->batchExecute()
 6 APPPATH/Database/Seeds/Donnees.php(14): CodeIgniter\Database\BaseBuilder->insertBatch()
 7 SYSTEMPATH/Database/Seeder.php(155): App\Database\Seeds\Donnees->run()
 8 SYSTEMPATH/Commands/Database/Seed.php(79): CodeIgniter\Database\Seeder->call()
 9 SYSTEMPATH/CLI/Commands.php(74): CodeIgniter\Commands\Database\Seed->run()
10 SYSTEMPATH/CLI/Console.php(47): CodeIgniter\CLI\Commands->run()
11 SYSTEMPATH/Boot.php(442): CodeIgniter\CLI\Console->run()
12 SYSTEMPATH/Boot.php(166): CodeIgniter\Boot::runCommand()
13 ROOTPATH/spark(87): CodeIgniter\Boot::bootSpark()
CRITICAL - 2026-07-20 08:00:57 --> Error: Cannot use object of type stdClass as array
[Method: POST, Route: login/client]
in APPPATH/Controllers/AuthController.php on line 66.
 1 SYSTEMPATH/CodeIgniter.php(951): App\Controllers\AuthController->authenticateClient()
 2 SYSTEMPATH/CodeIgniter.php(497): CodeIgniter\CodeIgniter->runController()
 3 SYSTEMPATH/CodeIgniter.php(340): CodeIgniter\CodeIgniter->handleRequest()
 4 SYSTEMPATH/Boot.php(417): CodeIgniter\CodeIgniter->run()
 5 SYSTEMPATH/Boot.php(68): CodeIgniter\Boot::runCodeIgniter()
 6 FCPATH/index.php(59): CodeIgniter\Boot::bootWeb()
 7 SYSTEMPATH/rewrite.php(44): require_once('/home/sundy/s4/SI/tp/finalS4/public/index.php')
CRITICAL - 2026-07-20 08:03:24 --> Error: Cannot use object of type stdClass as array
[Method: POST, Route: login/client]
in APPPATH/Controllers/AuthController.php on line 66.
 1 SYSTEMPATH/CodeIgniter.php(951): App\Controllers\AuthController->authenticateClient()
 2 SYSTEMPATH/CodeIgniter.php(497): CodeIgniter\CodeIgniter->runController()
 3 SYSTEMPATH/CodeIgniter.php(340): CodeIgniter\CodeIgniter->handleRequest()
 4 SYSTEMPATH/Boot.php(417): CodeIgniter\CodeIgniter->run()
 5 SYSTEMPATH/Boot.php(68): CodeIgniter\Boot::runCodeIgniter()
 6 FCPATH/index.php(59): CodeIgniter\Boot::bootWeb()
 7 SYSTEMPATH/rewrite.php(44): require_once('/home/sundy/s4/SI/tp/finalS4/public/index.php')
CRITICAL - 2026-07-20 08:13:21 --> Error: Cannot use object of type stdClass as array
[Method: POST, Route: login/client]
in APPPATH/Controllers/AuthController.php on line 79.
 1 SYSTEMPATH/CodeIgniter.php(951): App\Controllers\AuthController->authenticateClient()
 2 SYSTEMPATH/CodeIgniter.php(497): CodeIgniter\CodeIgniter->runController()
 3 SYSTEMPATH/CodeIgniter.php(340): CodeIgniter\CodeIgniter->handleRequest()
 4 SYSTEMPATH/Boot.php(417): CodeIgniter\CodeIgniter->run()
 5 SYSTEMPATH/Boot.php(68): CodeIgniter\Boot::runCodeIgniter()
 6 FCPATH/index.php(59): CodeIgniter\Boot::bootWeb()
 7 SYSTEMPATH/rewrite.php(44): require_once('/home/sundy/s4/SI/tp/finalS4/public/index.php')
